[0.000000] (-) TimerEvent: {}
[0.000825] (-) JobUnselected: {'identifier': 'admittance_controller'}
[0.000920] (-) JobUnselected: {'identifier': 'bicycle_steering_controller'}
[0.000984] (-) JobUnselected: {'identifier': 'diff_drive_controller'}
[0.001375] (-) JobUnselected: {'identifier': 'effort_controllers'}
[0.001447] (-) JobUnselected: {'identifier': 'force_torque_sensor_broadcaster'}
[0.001509] (-) JobUnselected: {'identifier': 'forward_command_controller'}
[0.001593] (-) JobUnselected: {'identifier': 'gpio_controllers'}
[0.001658] (-) JobUnselected: {'identifier': 'gripper_controllers'}
[0.001719] (-) JobUnselected: {'identifier': 'imu_sensor_broadcaster'}
[0.002311] (-) JobUnselected: {'identifier': 'joint_state_broadcaster'}
[0.002435] (-) JobUnselected: {'identifier': 'joint_trajectory_controller'}
[0.002498] (-) JobUnselected: {'identifier': 'mecanum_drive_controller'}
[0.002560] (-) JobUnselected: {'identifier': 'parallel_gripper_controller'}
[0.002624] (-) JobUnselected: {'identifier': 'pid_controller'}
[0.002685] (-) JobUnselected: {'identifier': 'pose_broadcaster'}
[0.002748] (-) JobUnselected: {'identifier': 'position_controllers'}
[0.002808] (-) JobUnselected: {'identifier': 'range_sensor_broadcaster'}
[0.002871] (-) JobUnselected: {'identifier': 'ros2_controllers'}
[0.002932] (-) JobUnselected: {'identifier': 'ros2_controllers_test_nodes'}
[0.003008] (-) JobUnselected: {'identifier': 'rqt_joint_trajectory_controller'}
[0.003074] (-) JobUnselected: {'identifier': 'steering_controllers_library'}
[0.003138] (-) JobUnselected: {'identifier': 'tricycle_controller'}
[0.003220] (-) JobUnselected: {'identifier': 'tricycle_steering_controller'}
[0.003277] (-) JobUnselected: {'identifier': 'velocity_controllers'}
[0.003348] (ackermann_steering_controller) JobQueued: {'identifier': 'ackermann_steering_controller', 'dependencies': OrderedDict({'steering_controllers_library': '/home/vedant87/ros_ws/src/ros2_controllers/install/steering_controllers_library'})}
[0.003495] (ackermann_steering_controller) JobStarted: {'identifier': 'ackermann_steering_controller'}
[0.020187] (ackermann_steering_controller) JobEnded: {'identifier': 'ackermann_steering_controller', 'rc': 1}
[0.031005] (-) EventReactorShutdown: {}
