[0.190s] DEBUG:colcon:Command line arguments: ['/usr/bin/colcon', 'build', '--packages-select', 'chained_filter_controller']
[0.190s] DEBUG:colcon:Parsed command line arguments: Namespace(log_base=None, log_level=None, verb_name='build', build_base='build', install_base='install', merge_install=False, symlink_install=False, test_result_base=None, continue_on_error=False, executor='parallel', parallel_workers=6, event_handlers=None, ignore_user_meta=False, metas=['./colcon.meta'], base_paths=['.'], packages_ignore=None, packages_ignore_regex=None, paths=None, packages_up_to=None, packages_up_to_regex=None, packages_above=None, packages_above_and_dependencies=None, packages_above_depth=None, packages_select_by_dep=None, packages_skip_by_dep=None, packages_skip_up_to=None, packages_select_build_failed=False, packages_skip_build_finished=False, packages_select_test_failures=False, packages_skip_test_passed=False, packages_select=['chained_filter_controller'], packages_skip=None, packages_select_regex=None, packages_skip_regex=None, packages_start=None, packages_end=None, allow_overriding=[], cmake_args=None, cmake_target=None, cmake_target_skip_unavailable=False, cmake_clean_cache=False, cmake_clean_first=False, cmake_force_configure=False, ament_cmake_args=None, catkin_cmake_args=None, catkin_skip_building_tests=False, mixin_files=None, mixin=None, verb_parser=<colcon_mixin.mixin.mixin_argument.MixinArgumentDecorator object at 0x7107bd967a70>, verb_extension=<colcon_core.verb.build.BuildVerb object at 0x7107be4dbbc0>, main=<bound method BuildVerb.main of <colcon_core.verb.build.BuildVerb object at 0x7107be4dbbc0>>, mixin_verb=('build',))
[0.273s] Level 1:colcon.colcon_core.package_discovery:discover_packages(colcon_meta) check parameters
[0.273s] Level 1:colcon.colcon_core.package_discovery:discover_packages(recursive) check parameters
[0.273s] Level 1:colcon.colcon_core.package_discovery:discover_packages(ignore) check parameters
[0.273s] Level 1:colcon.colcon_core.package_discovery:discover_packages(path) check parameters
[0.273s] Level 1:colcon.colcon_core.package_discovery:discover_packages(colcon_meta) discover
[0.273s] Level 1:colcon.colcon_core.package_discovery:discover_packages(recursive) discover
[0.273s] INFO:colcon.colcon_core.package_discovery:Crawling recursively for packages in '/home/ankur-u24/ros2_controllers'
[0.274s] Level 1:colcon.colcon_core.package_identification:_identify(.) by extensions ['ignore', 'ignore_ament_install']
[0.274s] Level 1:colcon.colcon_core.package_identification:_identify(.) by extension 'ignore'
[0.274s] Level 1:colcon.colcon_core.package_identification:_identify(.) by extension 'ignore_ament_install'
[0.274s] Level 1:colcon.colcon_core.package_identification:_identify(.) by extensions ['colcon_pkg']
[0.274s] Level 1:colcon.colcon_core.package_identification:_identify(.) by extension 'colcon_pkg'
[0.274s] Level 1:colcon.colcon_core.package_identification:_identify(.) by extensions ['colcon_meta']
[0.274s] Level 1:colcon.colcon_core.package_identification:_identify(.) by extension 'colcon_meta'
[0.274s] Level 1:colcon.colcon_core.package_identification:_identify(.) by extensions ['ros']
[0.274s] Level 1:colcon.colcon_core.package_identification:_identify(.) by extension 'ros'
[0.294s] Level 1:colcon.colcon_core.package_identification:_identify(.) by extensions ['cmake', 'python']
[0.295s] Level 1:colcon.colcon_core.package_identification:_identify(.) by extension 'cmake'
[0.295s] Level 1:colcon.colcon_core.package_identification:_identify(.) by extension 'python'
[0.295s] Level 1:colcon.colcon_core.package_identification:_identify(.) by extensions ['python_setup_py']
[0.295s] Level 1:colcon.colcon_core.package_identification:_identify(.) by extension 'python_setup_py'
[0.295s] Level 1:colcon.colcon_core.package_identification:_identify(ackermann_steering_controller) by extensions ['ignore', 'ignore_ament_install']
[0.295s] Level 1:colcon.colcon_core.package_identification:_identify(ackermann_steering_controller) by extension 'ignore'
[0.295s] Level 1:colcon.colcon_core.package_identification:_identify(ackermann_steering_controller) by extension 'ignore_ament_install'
[0.295s] Level 1:colcon.colcon_core.package_identification:_identify(ackermann_steering_controller) by extensions ['colcon_pkg']
[0.295s] Level 1:colcon.colcon_core.package_identification:_identify(ackermann_steering_controller) by extension 'colcon_pkg'
[0.295s] Level 1:colcon.colcon_core.package_identification:_identify(ackermann_steering_controller) by extensions ['colcon_meta']
[0.295s] Level 1:colcon.colcon_core.package_identification:_identify(ackermann_steering_controller) by extension 'colcon_meta'
[0.295s] Level 1:colcon.colcon_core.package_identification:_identify(ackermann_steering_controller) by extensions ['ros']
[0.295s] Level 1:colcon.colcon_core.package_identification:_identify(ackermann_steering_controller) by extension 'ros'
[0.300s] DEBUG:colcon.colcon_core.package_identification:Package 'ackermann_steering_controller' with type 'ros.ament_cmake' and name 'ackermann_steering_controller'
[0.300s] Level 1:colcon.colcon_core.package_identification:_identify(admittance_controller) by extensions ['ignore', 'ignore_ament_install']
[0.300s] Level 1:colcon.colcon_core.package_identification:_identify(admittance_controller) by extension 'ignore'
[0.300s] Level 1:colcon.colcon_core.package_identification:_identify(admittance_controller) by extension 'ignore_ament_install'
[0.300s] Level 1:colcon.colcon_core.package_identification:_identify(admittance_controller) by extensions ['colcon_pkg']
[0.300s] Level 1:colcon.colcon_core.package_identification:_identify(admittance_controller) by extension 'colcon_pkg'
[0.300s] Level 1:colcon.colcon_core.package_identification:_identify(admittance_controller) by extensions ['colcon_meta']
[0.300s] Level 1:colcon.colcon_core.package_identification:_identify(admittance_controller) by extension 'colcon_meta'
[0.300s] Level 1:colcon.colcon_core.package_identification:_identify(admittance_controller) by extensions ['ros']
[0.300s] Level 1:colcon.colcon_core.package_identification:_identify(admittance_controller) by extension 'ros'
[0.301s] DEBUG:colcon.colcon_core.package_identification:Package 'admittance_controller' with type 'ros.ament_cmake' and name 'admittance_controller'
[0.301s] Level 1:colcon.colcon_core.package_identification:_identify(bicycle_steering_controller) by extensions ['ignore', 'ignore_ament_install']
[0.301s] Level 1:colcon.colcon_core.package_identification:_identify(bicycle_steering_controller) by extension 'ignore'
[0.302s] Level 1:colcon.colcon_core.package_identification:_identify(bicycle_steering_controller) by extension 'ignore_ament_install'
[0.302s] Level 1:colcon.colcon_core.package_identification:_identify(bicycle_steering_controller) by extensions ['colcon_pkg']
[0.302s] Level 1:colcon.colcon_core.package_identification:_identify(bicycle_steering_controller) by extension 'colcon_pkg'
[0.302s] Level 1:colcon.colcon_core.package_identification:_identify(bicycle_steering_controller) by extensions ['colcon_meta']
[0.302s] Level 1:colcon.colcon_core.package_identification:_identify(bicycle_steering_controller) by extension 'colcon_meta'
[0.302s] Level 1:colcon.colcon_core.package_identification:_identify(bicycle_steering_controller) by extensions ['ros']
[0.302s] Level 1:colcon.colcon_core.package_identification:_identify(bicycle_steering_controller) by extension 'ros'
[0.302s] DEBUG:colcon.colcon_core.package_identification:Package 'bicycle_steering_controller' with type 'ros.ament_cmake' and name 'bicycle_steering_controller'
[0.302s] Level 1:colcon.colcon_core.package_identification:_identify(build) by extensions ['ignore', 'ignore_ament_install']
[0.303s] Level 1:colcon.colcon_core.package_identification:_identify(build) by extension 'ignore'
[0.303s] Level 1:colcon.colcon_core.package_identification:_identify(build) ignored
[0.303s] Level 1:colcon.colcon_core.package_identification:_identify(chained_filter_controller) by extensions ['ignore', 'ignore_ament_install']
[0.303s] Level 1:colcon.colcon_core.package_identification:_identify(chained_filter_controller) by extension 'ignore'
[0.303s] Level 1:colcon.colcon_core.package_identification:_identify(chained_filter_controller) by extension 'ignore_ament_install'
[0.303s] Level 1:colcon.colcon_core.package_identification:_identify(chained_filter_controller) by extensions ['colcon_pkg']
[0.303s] Level 1:colcon.colcon_core.package_identification:_identify(chained_filter_controller) by extension 'colcon_pkg'
[0.303s] Level 1:colcon.colcon_core.package_identification:_identify(chained_filter_controller) by extensions ['colcon_meta']
[0.303s] Level 1:colcon.colcon_core.package_identification:_identify(chained_filter_controller) by extension 'colcon_meta'
[0.303s] Level 1:colcon.colcon_core.package_identification:_identify(chained_filter_controller) by extensions ['ros']
[0.303s] Level 1:colcon.colcon_core.package_identification:_identify(chained_filter_controller) by extension 'ros'
[0.304s] DEBUG:colcon.colcon_core.package_identification:Package 'chained_filter_controller' with type 'ros.ament_cmake' and name 'chained_filter_controller'
[0.304s] Level 1:colcon.colcon_core.package_identification:_identify(diff_drive_controller) by extensions ['ignore', 'ignore_ament_install']
[0.304s] Level 1:colcon.colcon_core.package_identification:_identify(diff_drive_controller) by extension 'ignore'
[0.304s] Level 1:colcon.colcon_core.package_identification:_identify(diff_drive_controller) by extension 'ignore_ament_install'
[0.304s] Level 1:colcon.colcon_core.package_identification:_identify(diff_drive_controller) by extensions ['colcon_pkg']
[0.304s] Level 1:colcon.colcon_core.package_identification:_identify(diff_drive_controller) by extension 'colcon_pkg'
[0.304s] Level 1:colcon.colcon_core.package_identification:_identify(diff_drive_controller) by extensions ['colcon_meta']
[0.304s] Level 1:colcon.colcon_core.package_identification:_identify(diff_drive_controller) by extension 'colcon_meta'
[0.304s] Level 1:colcon.colcon_core.package_identification:_identify(diff_drive_controller) by extensions ['ros']
[0.304s] Level 1:colcon.colcon_core.package_identification:_identify(diff_drive_controller) by extension 'ros'
[0.305s] DEBUG:colcon.colcon_core.package_identification:Package 'diff_drive_controller' with type 'ros.ament_cmake' and name 'diff_drive_controller'
[0.305s] Level 1:colcon.colcon_core.package_identification:_identify(doc) by extensions ['ignore', 'ignore_ament_install']
[0.305s] Level 1:colcon.colcon_core.package_identification:_identify(doc) by extension 'ignore'
[0.305s] Level 1:colcon.colcon_core.package_identification:_identify(doc) by extension 'ignore_ament_install'
[0.305s] Level 1:colcon.colcon_core.package_identification:_identify(doc) by extensions ['colcon_pkg']
[0.305s] Level 1:colcon.colcon_core.package_identification:_identify(doc) by extension 'colcon_pkg'
[0.305s] Level 1:colcon.colcon_core.package_identification:_identify(doc) by extensions ['colcon_meta']
[0.305s] Level 1:colcon.colcon_core.package_identification:_identify(doc) by extension 'colcon_meta'
[0.305s] Level 1:colcon.colcon_core.package_identification:_identify(doc) by extensions ['ros']
[0.305s] Level 1:colcon.colcon_core.package_identification:_identify(doc) by extension 'ros'
[0.305s] Level 1:colcon.colcon_core.package_identification:_identify(doc) by extensions ['cmake', 'python']
[0.305s] Level 1:colcon.colcon_core.package_identification:_identify(doc) by extension 'cmake'
[0.305s] Level 1:colcon.colcon_core.package_identification:_identify(doc) by extension 'python'
[0.305s] Level 1:colcon.colcon_core.package_identification:_identify(doc) by extensions ['python_setup_py']
[0.305s] Level 1:colcon.colcon_core.package_identification:_identify(doc) by extension 'python_setup_py'
[0.305s] Level 1:colcon.colcon_core.package_identification:_identify(doc/images) by extensions ['ignore', 'ignore_ament_install']
[0.306s] Level 1:colcon.colcon_core.package_identification:_identify(doc/images) by extension 'ignore'
[0.306s] Level 1:colcon.colcon_core.package_identification:_identify(doc/images) by extension 'ignore_ament_install'
[0.306s] Level 1:colcon.colcon_core.package_identification:_identify(doc/images) by extensions ['colcon_pkg']
[0.306s] Level 1:colcon.colcon_core.package_identification:_identify(doc/images) by extension 'colcon_pkg'
[0.306s] Level 1:colcon.colcon_core.package_identification:_identify(doc/images) by extensions ['colcon_meta']
[0.306s] Level 1:colcon.colcon_core.package_identification:_identify(doc/images) by extension 'colcon_meta'
[0.306s] Level 1:colcon.colcon_core.package_identification:_identify(doc/images) by extensions ['ros']
[0.306s] Level 1:colcon.colcon_core.package_identification:_identify(doc/images) by extension 'ros'
[0.306s] Level 1:colcon.colcon_core.package_identification:_identify(doc/images) by extensions ['cmake', 'python']
[0.306s] Level 1:colcon.colcon_core.package_identification:_identify(doc/images) by extension 'cmake'
[0.306s] Level 1:colcon.colcon_core.package_identification:_identify(doc/images) by extension 'python'
[0.306s] Level 1:colcon.colcon_core.package_identification:_identify(doc/images) by extensions ['python_setup_py']
[0.306s] Level 1:colcon.colcon_core.package_identification:_identify(doc/images) by extension 'python_setup_py'
[0.306s] Level 1:colcon.colcon_core.package_identification:_identify(effort_controllers) by extensions ['ignore', 'ignore_ament_install']
[0.306s] Level 1:colcon.colcon_core.package_identification:_identify(effort_controllers) by extension 'ignore'
[0.306s] Level 1:colcon.colcon_core.package_identification:_identify(effort_controllers) by extension 'ignore_ament_install'
[0.306s] Level 1:colcon.colcon_core.package_identification:_identify(effort_controllers) by extensions ['colcon_pkg']
[0.306s] Level 1:colcon.colcon_core.package_identification:_identify(effort_controllers) by extension 'colcon_pkg'
[0.306s] Level 1:colcon.colcon_core.package_identification:_identify(effort_controllers) by extensions ['colcon_meta']
[0.306s] Level 1:colcon.colcon_core.package_identification:_identify(effort_controllers) by extension 'colcon_meta'
[0.306s] Level 1:colcon.colcon_core.package_identification:_identify(effort_controllers) by extensions ['ros']
[0.306s] Level 1:colcon.colcon_core.package_identification:_identify(effort_controllers) by extension 'ros'
[0.307s] DEBUG:colcon.colcon_core.package_identification:Package 'effort_controllers' with type 'ros.ament_cmake' and name 'effort_controllers'
[0.307s] Level 1:colcon.colcon_core.package_identification:_identify(force_torque_sensor_broadcaster) by extensions ['ignore', 'ignore_ament_install']
[0.307s] Level 1:colcon.colcon_core.package_identification:_identify(force_torque_sensor_broadcaster) by extension 'ignore'
[0.307s] Level 1:colcon.colcon_core.package_identification:_identify(force_torque_sensor_broadcaster) by extension 'ignore_ament_install'
[0.307s] Level 1:colcon.colcon_core.package_identification:_identify(force_torque_sensor_broadcaster) by extensions ['colcon_pkg']
[0.307s] Level 1:colcon.colcon_core.package_identification:_identify(force_torque_sensor_broadcaster) by extension 'colcon_pkg'
[0.307s] Level 1:colcon.colcon_core.package_identification:_identify(force_torque_sensor_broadcaster) by extensions ['colcon_meta']
[0.307s] Level 1:colcon.colcon_core.package_identification:_identify(force_torque_sensor_broadcaster) by extension 'colcon_meta'
[0.307s] Level 1:colcon.colcon_core.package_identification:_identify(force_torque_sensor_broadcaster) by extensions ['ros']
[0.307s] Level 1:colcon.colcon_core.package_identification:_identify(force_torque_sensor_broadcaster) by extension 'ros'
[0.308s] DEBUG:colcon.colcon_core.package_identification:Package 'force_torque_sensor_broadcaster' with type 'ros.ament_cmake' and name 'force_torque_sensor_broadcaster'
[0.308s] Level 1:colcon.colcon_core.package_identification:_identify(forward_command_controller) by extensions ['ignore', 'ignore_ament_install']
[0.308s] Level 1:colcon.colcon_core.package_identification:_identify(forward_command_controller) by extension 'ignore'
[0.308s] Level 1:colcon.colcon_core.package_identification:_identify(forward_command_controller) by extension 'ignore_ament_install'
[0.308s] Level 1:colcon.colcon_core.package_identification:_identify(forward_command_controller) by extensions ['colcon_pkg']
[0.308s] Level 1:colcon.colcon_core.package_identification:_identify(forward_command_controller) by extension 'colcon_pkg'
[0.308s] Level 1:colcon.colcon_core.package_identification:_identify(forward_command_controller) by extensions ['colcon_meta']
[0.308s] Level 1:colcon.colcon_core.package_identification:_identify(forward_command_controller) by extension 'colcon_meta'
[0.308s] Level 1:colcon.colcon_core.package_identification:_identify(forward_command_controller) by extensions ['ros']
[0.308s] Level 1:colcon.colcon_core.package_identification:_identify(forward_command_controller) by extension 'ros'
[0.309s] DEBUG:colcon.colcon_core.package_identification:Package 'forward_command_controller' with type 'ros.ament_cmake' and name 'forward_command_controller'
[0.309s] Level 1:colcon.colcon_core.package_identification:_identify(gpio_controllers) by extensions ['ignore', 'ignore_ament_install']
[0.309s] Level 1:colcon.colcon_core.package_identification:_identify(gpio_controllers) by extension 'ignore'
[0.309s] Level 1:colcon.colcon_core.package_identification:_identify(gpio_controllers) by extension 'ignore_ament_install'
[0.309s] Level 1:colcon.colcon_core.package_identification:_identify(gpio_controllers) by extensions ['colcon_pkg']
[0.309s] Level 1:colcon.colcon_core.package_identification:_identify(gpio_controllers) by extension 'colcon_pkg'
[0.309s] Level 1:colcon.colcon_core.package_identification:_identify(gpio_controllers) by extensions ['colcon_meta']
[0.309s] Level 1:colcon.colcon_core.package_identification:_identify(gpio_controllers) by extension 'colcon_meta'
[0.309s] Level 1:colcon.colcon_core.package_identification:_identify(gpio_controllers) by extensions ['ros']
[0.310s] Level 1:colcon.colcon_core.package_identification:_identify(gpio_controllers) by extension 'ros'
[0.310s] DEBUG:colcon.colcon_core.package_identification:Package 'gpio_controllers' with type 'ros.ament_cmake' and name 'gpio_controllers'
[0.310s] Level 1:colcon.colcon_core.package_identification:_identify(gps_sensor_broadcaster) by extensions ['ignore', 'ignore_ament_install']
[0.310s] Level 1:colcon.colcon_core.package_identification:_identify(gps_sensor_broadcaster) by extension 'ignore'
[0.310s] Level 1:colcon.colcon_core.package_identification:_identify(gps_sensor_broadcaster) by extension 'ignore_ament_install'
[0.310s] Level 1:colcon.colcon_core.package_identification:_identify(gps_sensor_broadcaster) by extensions ['colcon_pkg']
[0.310s] Level 1:colcon.colcon_core.package_identification:_identify(gps_sensor_broadcaster) by extension 'colcon_pkg'
[0.310s] Level 1:colcon.colcon_core.package_identification:_identify(gps_sensor_broadcaster) by extensions ['colcon_meta']
[0.311s] Level 1:colcon.colcon_core.package_identification:_identify(gps_sensor_broadcaster) by extension 'colcon_meta'
[0.311s] Level 1:colcon.colcon_core.package_identification:_identify(gps_sensor_broadcaster) by extensions ['ros']
[0.311s] Level 1:colcon.colcon_core.package_identification:_identify(gps_sensor_broadcaster) by extension 'ros'
[0.311s] DEBUG:colcon.colcon_core.package_identification:Package 'gps_sensor_broadcaster' with type 'ros.ament_cmake' and name 'gps_sensor_broadcaster'
[0.311s] Level 1:colcon.colcon_core.package_identification:_identify(gripper_controllers) by extensions ['ignore', 'ignore_ament_install']
[0.311s] Level 1:colcon.colcon_core.package_identification:_identify(gripper_controllers) by extension 'ignore'
[0.311s] Level 1:colcon.colcon_core.package_identification:_identify(gripper_controllers) by extension 'ignore_ament_install'
[0.312s] Level 1:colcon.colcon_core.package_identification:_identify(gripper_controllers) by extensions ['colcon_pkg']
[0.312s] Level 1:colcon.colcon_core.package_identification:_identify(gripper_controllers) by extension 'colcon_pkg'
[0.312s] Level 1:colcon.colcon_core.package_identification:_identify(gripper_controllers) by extensions ['colcon_meta']
[0.312s] Level 1:colcon.colcon_core.package_identification:_identify(gripper_controllers) by extension 'colcon_meta'
[0.312s] Level 1:colcon.colcon_core.package_identification:_identify(gripper_controllers) by extensions ['ros']
[0.312s] Level 1:colcon.colcon_core.package_identification:_identify(gripper_controllers) by extension 'ros'
[0.312s] DEBUG:colcon.colcon_core.package_identification:Package 'gripper_controllers' with type 'ros.ament_cmake' and name 'gripper_controllers'
[0.313s] Level 1:colcon.colcon_core.package_identification:_identify(imu_sensor_broadcaster) by extensions ['ignore', 'ignore_ament_install']
[0.313s] Level 1:colcon.colcon_core.package_identification:_identify(imu_sensor_broadcaster) by extension 'ignore'
[0.313s] Level 1:colcon.colcon_core.package_identification:_identify(imu_sensor_broadcaster) by extension 'ignore_ament_install'
[0.313s] Level 1:colcon.colcon_core.package_identification:_identify(imu_sensor_broadcaster) by extensions ['colcon_pkg']
[0.313s] Level 1:colcon.colcon_core.package_identification:_identify(imu_sensor_broadcaster) by extension 'colcon_pkg'
[0.313s] Level 1:colcon.colcon_core.package_identification:_identify(imu_sensor_broadcaster) by extensions ['colcon_meta']
[0.313s] Level 1:colcon.colcon_core.package_identification:_identify(imu_sensor_broadcaster) by extension 'colcon_meta'
[0.313s] Level 1:colcon.colcon_core.package_identification:_identify(imu_sensor_broadcaster) by extensions ['ros']
[0.313s] Level 1:colcon.colcon_core.package_identification:_identify(imu_sensor_broadcaster) by extension 'ros'
[0.314s] DEBUG:colcon.colcon_core.package_identification:Package 'imu_sensor_broadcaster' with type 'ros.ament_cmake' and name 'imu_sensor_broadcaster'
[0.314s] Level 1:colcon.colcon_core.package_identification:_identify(install) by extensions ['ignore', 'ignore_ament_install']
[0.314s] Level 1:colcon.colcon_core.package_identification:_identify(install) by extension 'ignore'
[0.314s] Level 1:colcon.colcon_core.package_identification:_identify(install) ignored
[0.314s] Level 1:colcon.colcon_core.package_identification:_identify(joint_state_broadcaster) by extensions ['ignore', 'ignore_ament_install']
[0.314s] Level 1:colcon.colcon_core.package_identification:_identify(joint_state_broadcaster) by extension 'ignore'
[0.314s] Level 1:colcon.colcon_core.package_identification:_identify(joint_state_broadcaster) by extension 'ignore_ament_install'
[0.314s] Level 1:colcon.colcon_core.package_identification:_identify(joint_state_broadcaster) by extensions ['colcon_pkg']
[0.314s] Level 1:colcon.colcon_core.package_identification:_identify(joint_state_broadcaster) by extension 'colcon_pkg'
[0.314s] Level 1:colcon.colcon_core.package_identification:_identify(joint_state_broadcaster) by extensions ['colcon_meta']
[0.314s] Level 1:colcon.colcon_core.package_identification:_identify(joint_state_broadcaster) by extension 'colcon_meta'
[0.314s] Level 1:colcon.colcon_core.package_identification:_identify(joint_state_broadcaster) by extensions ['ros']
[0.314s] Level 1:colcon.colcon_core.package_identification:_identify(joint_state_broadcaster) by extension 'ros'
[0.315s] DEBUG:colcon.colcon_core.package_identification:Package 'joint_state_broadcaster' with type 'ros.ament_cmake' and name 'joint_state_broadcaster'
[0.315s] Level 1:colcon.colcon_core.package_identification:_identify(joint_trajectory_controller) by extensions ['ignore', 'ignore_ament_install']
[0.315s] Level 1:colcon.colcon_core.package_identification:_identify(joint_trajectory_controller) by extension 'ignore'
[0.315s] Level 1:colcon.colcon_core.package_identification:_identify(joint_trajectory_controller) by extension 'ignore_ament_install'
[0.315s] Level 1:colcon.colcon_core.package_identification:_identify(joint_trajectory_controller) by extensions ['colcon_pkg']
[0.315s] Level 1:colcon.colcon_core.package_identification:_identify(joint_trajectory_controller) by extension 'colcon_pkg'
[0.315s] Level 1:colcon.colcon_core.package_identification:_identify(joint_trajectory_controller) by extensions ['colcon_meta']
[0.315s] Level 1:colcon.colcon_core.package_identification:_identify(joint_trajectory_controller) by extension 'colcon_meta'
[0.315s] Level 1:colcon.colcon_core.package_identification:_identify(joint_trajectory_controller) by extensions ['ros']
[0.315s] Level 1:colcon.colcon_core.package_identification:_identify(joint_trajectory_controller) by extension 'ros'
[0.316s] DEBUG:colcon.colcon_core.package_identification:Package 'joint_trajectory_controller' with type 'ros.ament_cmake' and name 'joint_trajectory_controller'
[0.316s] Level 1:colcon.colcon_core.package_identification:_identify(log) by extensions ['ignore', 'ignore_ament_install']
[0.316s] Level 1:colcon.colcon_core.package_identification:_identify(log) by extension 'ignore'
[0.316s] Level 1:colcon.colcon_core.package_identification:_identify(log) ignored
[0.317s] Level 1:colcon.colcon_core.package_identification:_identify(mecanum_drive_controller) by extensions ['ignore', 'ignore_ament_install']
[0.317s] Level 1:colcon.colcon_core.package_identification:_identify(mecanum_drive_controller) by extension 'ignore'
[0.317s] Level 1:colcon.colcon_core.package_identification:_identify(mecanum_drive_controller) by extension 'ignore_ament_install'
[0.317s] Level 1:colcon.colcon_core.package_identification:_identify(mecanum_drive_controller) by extensions ['colcon_pkg']
[0.317s] Level 1:colcon.colcon_core.package_identification:_identify(mecanum_drive_controller) by extension 'colcon_pkg'
[0.317s] Level 1:colcon.colcon_core.package_identification:_identify(mecanum_drive_controller) by extensions ['colcon_meta']
[0.317s] Level 1:colcon.colcon_core.package_identification:_identify(mecanum_drive_controller) by extension 'colcon_meta'
[0.317s] Level 1:colcon.colcon_core.package_identification:_identify(mecanum_drive_controller) by extensions ['ros']
[0.317s] Level 1:colcon.colcon_core.package_identification:_identify(mecanum_drive_controller) by extension 'ros'
[0.318s] DEBUG:colcon.colcon_core.package_identification:Package 'mecanum_drive_controller' with type 'ros.ament_cmake' and name 'mecanum_drive_controller'
[0.318s] Level 1:colcon.colcon_core.package_identification:_identify(parallel_gripper_controller) by extensions ['ignore', 'ignore_ament_install']
[0.318s] Level 1:colcon.colcon_core.package_identification:_identify(parallel_gripper_controller) by extension 'ignore'
[0.318s] Level 1:colcon.colcon_core.package_identification:_identify(parallel_gripper_controller) by extension 'ignore_ament_install'
[0.318s] Level 1:colcon.colcon_core.package_identification:_identify(parallel_gripper_controller) by extensions ['colcon_pkg']
[0.318s] Level 1:colcon.colcon_core.package_identification:_identify(parallel_gripper_controller) by extension 'colcon_pkg'
[0.318s] Level 1:colcon.colcon_core.package_identification:_identify(parallel_gripper_controller) by extensions ['colcon_meta']
[0.318s] Level 1:colcon.colcon_core.package_identification:_identify(parallel_gripper_controller) by extension 'colcon_meta'
[0.318s] Level 1:colcon.colcon_core.package_identification:_identify(parallel_gripper_controller) by extensions ['ros']
[0.318s] Level 1:colcon.colcon_core.package_identification:_identify(parallel_gripper_controller) by extension 'ros'
[0.319s] DEBUG:colcon.colcon_core.package_identification:Package 'parallel_gripper_controller' with type 'ros.ament_cmake' and name 'parallel_gripper_controller'
[0.319s] Level 1:colcon.colcon_core.package_identification:_identify(pid_controller) by extensions ['ignore', 'ignore_ament_install']
[0.319s] Level 1:colcon.colcon_core.package_identification:_identify(pid_controller) by extension 'ignore'
[0.319s] Level 1:colcon.colcon_core.package_identification:_identify(pid_controller) by extension 'ignore_ament_install'
[0.319s] Level 1:colcon.colcon_core.package_identification:_identify(pid_controller) by extensions ['colcon_pkg']
[0.319s] Level 1:colcon.colcon_core.package_identification:_identify(pid_controller) by extension 'colcon_pkg'
[0.319s] Level 1:colcon.colcon_core.package_identification:_identify(pid_controller) by extensions ['colcon_meta']
[0.319s] Level 1:colcon.colcon_core.package_identification:_identify(pid_controller) by extension 'colcon_meta'
[0.319s] Level 1:colcon.colcon_core.package_identification:_identify(pid_controller) by extensions ['ros']
[0.319s] Level 1:colcon.colcon_core.package_identification:_identify(pid_controller) by extension 'ros'
[0.320s] DEBUG:colcon.colcon_core.package_identification:Package 'pid_controller' with type 'ros.ament_cmake' and name 'pid_controller'
[0.320s] Level 1:colcon.colcon_core.package_identification:_identify(pose_broadcaster) by extensions ['ignore', 'ignore_ament_install']
[0.320s] Level 1:colcon.colcon_core.package_identification:_identify(pose_broadcaster) by extension 'ignore'
[0.320s] Level 1:colcon.colcon_core.package_identification:_identify(pose_broadcaster) by extension 'ignore_ament_install'
[0.321s] Level 1:colcon.colcon_core.package_identification:_identify(pose_broadcaster) by extensions ['colcon_pkg']
[0.321s] Level 1:colcon.colcon_core.package_identification:_identify(pose_broadcaster) by extension 'colcon_pkg'
[0.321s] Level 1:colcon.colcon_core.package_identification:_identify(pose_broadcaster) by extensions ['colcon_meta']
[0.321s] Level 1:colcon.colcon_core.package_identification:_identify(pose_broadcaster) by extension 'colcon_meta'
[0.321s] Level 1:colcon.colcon_core.package_identification:_identify(pose_broadcaster) by extensions ['ros']
[0.321s] Level 1:colcon.colcon_core.package_identification:_identify(pose_broadcaster) by extension 'ros'
[0.321s] DEBUG:colcon.colcon_core.package_identification:Package 'pose_broadcaster' with type 'ros.ament_cmake' and name 'pose_broadcaster'
[0.321s] Level 1:colcon.colcon_core.package_identification:_identify(position_controllers) by extensions ['ignore', 'ignore_ament_install']
[0.322s] Level 1:colcon.colcon_core.package_identification:_identify(position_controllers) by extension 'ignore'
[0.322s] Level 1:colcon.colcon_core.package_identification:_identify(position_controllers) by extension 'ignore_ament_install'
[0.322s] Level 1:colcon.colcon_core.package_identification:_identify(position_controllers) by extensions ['colcon_pkg']
[0.322s] Level 1:colcon.colcon_core.package_identification:_identify(position_controllers) by extension 'colcon_pkg'
[0.322s] Level 1:colcon.colcon_core.package_identification:_identify(position_controllers) by extensions ['colcon_meta']
[0.322s] Level 1:colcon.colcon_core.package_identification:_identify(position_controllers) by extension 'colcon_meta'
[0.322s] Level 1:colcon.colcon_core.package_identification:_identify(position_controllers) by extensions ['ros']
[0.322s] Level 1:colcon.colcon_core.package_identification:_identify(position_controllers) by extension 'ros'
[0.322s] DEBUG:colcon.colcon_core.package_identification:Package 'position_controllers' with type 'ros.ament_cmake' and name 'position_controllers'
[0.322s] Level 1:colcon.colcon_core.package_identification:_identify(range_sensor_broadcaster) by extensions ['ignore', 'ignore_ament_install']
[0.322s] Level 1:colcon.colcon_core.package_identification:_identify(range_sensor_broadcaster) by extension 'ignore'
[0.323s] Level 1:colcon.colcon_core.package_identification:_identify(range_sensor_broadcaster) by extension 'ignore_ament_install'
[0.323s] Level 1:colcon.colcon_core.package_identification:_identify(range_sensor_broadcaster) by extensions ['colcon_pkg']
[0.323s] Level 1:colcon.colcon_core.package_identification:_identify(range_sensor_broadcaster) by extension 'colcon_pkg'
[0.323s] Level 1:colcon.colcon_core.package_identification:_identify(range_sensor_broadcaster) by extensions ['colcon_meta']
[0.323s] Level 1:colcon.colcon_core.package_identification:_identify(range_sensor_broadcaster) by extension 'colcon_meta'
[0.323s] Level 1:colcon.colcon_core.package_identification:_identify(range_sensor_broadcaster) by extensions ['ros']
[0.323s] Level 1:colcon.colcon_core.package_identification:_identify(range_sensor_broadcaster) by extension 'ros'
[0.324s] DEBUG:colcon.colcon_core.package_identification:Package 'range_sensor_broadcaster' with type 'ros.ament_cmake' and name 'range_sensor_broadcaster'
[0.324s] Level 1:colcon.colcon_core.package_identification:_identify(ros2_controllers) by extensions ['ignore', 'ignore_ament_install']
[0.324s] Level 1:colcon.colcon_core.package_identification:_identify(ros2_controllers) by extension 'ignore'
[0.324s] Level 1:colcon.colcon_core.package_identification:_identify(ros2_controllers) by extension 'ignore_ament_install'
[0.324s] Level 1:colcon.colcon_core.package_identification:_identify(ros2_controllers) by extensions ['colcon_pkg']
[0.324s] Level 1:colcon.colcon_core.package_identification:_identify(ros2_controllers) by extension 'colcon_pkg'
[0.324s] Level 1:colcon.colcon_core.package_identification:_identify(ros2_controllers) by extensions ['colcon_meta']
[0.324s] Level 1:colcon.colcon_core.package_identification:_identify(ros2_controllers) by extension 'colcon_meta'
[0.324s] Level 1:colcon.colcon_core.package_identification:_identify(ros2_controllers) by extensions ['ros']
[0.324s] Level 1:colcon.colcon_core.package_identification:_identify(ros2_controllers) by extension 'ros'
[0.324s] DEBUG:colcon.colcon_core.package_identification:Package 'ros2_controllers' with type 'ros.ament_cmake' and name 'ros2_controllers'
[0.324s] Level 1:colcon.colcon_core.package_identification:_identify(ros2_controllers_test_nodes) by extensions ['ignore', 'ignore_ament_install']
[0.325s] Level 1:colcon.colcon_core.package_identification:_identify(ros2_controllers_test_nodes) by extension 'ignore'
[0.325s] Level 1:colcon.colcon_core.package_identification:_identify(ros2_controllers_test_nodes) by extension 'ignore_ament_install'
[0.325s] Level 1:colcon.colcon_core.package_identification:_identify(ros2_controllers_test_nodes) by extensions ['colcon_pkg']
[0.325s] Level 1:colcon.colcon_core.package_identification:_identify(ros2_controllers_test_nodes) by extension 'colcon_pkg'
[0.325s] Level 1:colcon.colcon_core.package_identification:_identify(ros2_controllers_test_nodes) by extensions ['colcon_meta']
[0.325s] Level 1:colcon.colcon_core.package_identification:_identify(ros2_controllers_test_nodes) by extension 'colcon_meta'
[0.325s] Level 1:colcon.colcon_core.package_identification:_identify(ros2_controllers_test_nodes) by extensions ['ros']
[0.325s] Level 1:colcon.colcon_core.package_identification:_identify(ros2_controllers_test_nodes) by extension 'ros'
[0.325s] DEBUG:colcon.colcon_core.package_identification:Package 'ros2_controllers_test_nodes' with type 'ros.ament_python' and name 'ros2_controllers_test_nodes'
[0.325s] Level 1:colcon.colcon_core.package_identification:_identify(rqt_joint_trajectory_controller) by extensions ['ignore', 'ignore_ament_install']
[0.325s] Level 1:colcon.colcon_core.package_identification:_identify(rqt_joint_trajectory_controller) by extension 'ignore'
[0.326s] Level 1:colcon.colcon_core.package_identification:_identify(rqt_joint_trajectory_controller) by extension 'ignore_ament_install'
[0.326s] Level 1:colcon.colcon_core.package_identification:_identify(rqt_joint_trajectory_controller) by extensions ['colcon_pkg']
[0.326s] Level 1:colcon.colcon_core.package_identification:_identify(rqt_joint_trajectory_controller) by extension 'colcon_pkg'
[0.326s] Level 1:colcon.colcon_core.package_identification:_identify(rqt_joint_trajectory_controller) by extensions ['colcon_meta']
[0.326s] Level 1:colcon.colcon_core.package_identification:_identify(rqt_joint_trajectory_controller) by extension 'colcon_meta'
[0.326s] Level 1:colcon.colcon_core.package_identification:_identify(rqt_joint_trajectory_controller) by extensions ['ros']
[0.326s] Level 1:colcon.colcon_core.package_identification:_identify(rqt_joint_trajectory_controller) by extension 'ros'
[0.326s] DEBUG:colcon.colcon_core.package_identification:Package 'rqt_joint_trajectory_controller' with type 'ros.ament_python' and name 'rqt_joint_trajectory_controller'
[0.326s] Level 1:colcon.colcon_core.package_identification:_identify(steering_controllers_library) by extensions ['ignore', 'ignore_ament_install']
[0.326s] Level 1:colcon.colcon_core.package_identification:_identify(steering_controllers_library) by extension 'ignore'
[0.326s] Level 1:colcon.colcon_core.package_identification:_identify(steering_controllers_library) by extension 'ignore_ament_install'
[0.326s] Level 1:colcon.colcon_core.package_identification:_identify(steering_controllers_library) by extensions ['colcon_pkg']
[0.326s] Level 1:colcon.colcon_core.package_identification:_identify(steering_controllers_library) by extension 'colcon_pkg'
[0.327s] Level 1:colcon.colcon_core.package_identification:_identify(steering_controllers_library) by extensions ['colcon_meta']
[0.327s] Level 1:colcon.colcon_core.package_identification:_identify(steering_controllers_library) by extension 'colcon_meta'
[0.327s] Level 1:colcon.colcon_core.package_identification:_identify(steering_controllers_library) by extensions ['ros']
[0.327s] Level 1:colcon.colcon_core.package_identification:_identify(steering_controllers_library) by extension 'ros'
[0.328s] DEBUG:colcon.colcon_core.package_identification:Package 'steering_controllers_library' with type 'ros.ament_cmake' and name 'steering_controllers_library'
[0.328s] Level 1:colcon.colcon_core.package_identification:_identify(tricycle_controller) by extensions ['ignore', 'ignore_ament_install']
[0.328s] Level 1:colcon.colcon_core.package_identification:_identify(tricycle_controller) by extension 'ignore'
[0.328s] Level 1:colcon.colcon_core.package_identification:_identify(tricycle_controller) by extension 'ignore_ament_install'
[0.328s] Level 1:colcon.colcon_core.package_identification:_identify(tricycle_controller) by extensions ['colcon_pkg']
[0.328s] Level 1:colcon.colcon_core.package_identification:_identify(tricycle_controller) by extension 'colcon_pkg'
[0.328s] Level 1:colcon.colcon_core.package_identification:_identify(tricycle_controller) by extensions ['colcon_meta']
[0.328s] Level 1:colcon.colcon_core.package_identification:_identify(tricycle_controller) by extension 'colcon_meta'
[0.328s] Level 1:colcon.colcon_core.package_identification:_identify(tricycle_controller) by extensions ['ros']
[0.328s] Level 1:colcon.colcon_core.package_identification:_identify(tricycle_controller) by extension 'ros'
[0.329s] DEBUG:colcon.colcon_core.package_identification:Package 'tricycle_controller' with type 'ros.ament_cmake' and name 'tricycle_controller'
[0.329s] Level 1:colcon.colcon_core.package_identification:_identify(tricycle_steering_controller) by extensions ['ignore', 'ignore_ament_install']
[0.329s] Level 1:colcon.colcon_core.package_identification:_identify(tricycle_steering_controller) by extension 'ignore'
[0.329s] Level 1:colcon.colcon_core.package_identification:_identify(tricycle_steering_controller) by extension 'ignore_ament_install'
[0.329s] Level 1:colcon.colcon_core.package_identification:_identify(tricycle_steering_controller) by extensions ['colcon_pkg']
[0.329s] Level 1:colcon.colcon_core.package_identification:_identify(tricycle_steering_controller) by extension 'colcon_pkg'
[0.329s] Level 1:colcon.colcon_core.package_identification:_identify(tricycle_steering_controller) by extensions ['colcon_meta']
[0.329s] Level 1:colcon.colcon_core.package_identification:_identify(tricycle_steering_controller) by extension 'colcon_meta'
[0.329s] Level 1:colcon.colcon_core.package_identification:_identify(tricycle_steering_controller) by extensions ['ros']
[0.329s] Level 1:colcon.colcon_core.package_identification:_identify(tricycle_steering_controller) by extension 'ros'
[0.330s] DEBUG:colcon.colcon_core.package_identification:Package 'tricycle_steering_controller' with type 'ros.ament_cmake' and name 'tricycle_steering_controller'
[0.330s] Level 1:colcon.colcon_core.package_identification:_identify(velocity_controllers) by extensions ['ignore', 'ignore_ament_install']
[0.330s] Level 1:colcon.colcon_core.package_identification:_identify(velocity_controllers) by extension 'ignore'
[0.330s] Level 1:colcon.colcon_core.package_identification:_identify(velocity_controllers) by extension 'ignore_ament_install'
[0.330s] Level 1:colcon.colcon_core.package_identification:_identify(velocity_controllers) by extensions ['colcon_pkg']
[0.330s] Level 1:colcon.colcon_core.package_identification:_identify(velocity_controllers) by extension 'colcon_pkg'
[0.330s] Level 1:colcon.colcon_core.package_identification:_identify(velocity_controllers) by extensions ['colcon_meta']
[0.330s] Level 1:colcon.colcon_core.package_identification:_identify(velocity_controllers) by extension 'colcon_meta'
[0.331s] Level 1:colcon.colcon_core.package_identification:_identify(velocity_controllers) by extensions ['ros']
[0.331s] Level 1:colcon.colcon_core.package_identification:_identify(velocity_controllers) by extension 'ros'
[0.331s] DEBUG:colcon.colcon_core.package_identification:Package 'velocity_controllers' with type 'ros.ament_cmake' and name 'velocity_controllers'
[0.331s] Level 1:colcon.colcon_core.package_discovery:discover_packages(recursive) using defaults
[0.331s] Level 1:colcon.colcon_core.package_discovery:discover_packages(ignore) discover
[0.331s] Level 1:colcon.colcon_core.package_discovery:discover_packages(ignore) using defaults
[0.331s] Level 1:colcon.colcon_core.package_discovery:discover_packages(path) discover
[0.331s] Level 1:colcon.colcon_core.package_discovery:discover_packages(path) using defaults
[0.382s] INFO:colcon.colcon_core.package_selection:Skipping not selected package 'admittance_controller' in 'admittance_controller'
[0.382s] INFO:colcon.colcon_core.package_selection:Skipping not selected package 'diff_drive_controller' in 'diff_drive_controller'
[0.382s] INFO:colcon.colcon_core.package_selection:Skipping not selected package 'force_torque_sensor_broadcaster' in 'force_torque_sensor_broadcaster'
[0.382s] INFO:colcon.colcon_core.package_selection:Skipping not selected package 'forward_command_controller' in 'forward_command_controller'
[0.382s] INFO:colcon.colcon_core.package_selection:Skipping not selected package 'gpio_controllers' in 'gpio_controllers'
[0.382s] INFO:colcon.colcon_core.package_selection:Skipping not selected package 'gps_sensor_broadcaster' in 'gps_sensor_broadcaster'
[0.382s] INFO:colcon.colcon_core.package_selection:Skipping not selected package 'gripper_controllers' in 'gripper_controllers'
[0.382s] INFO:colcon.colcon_core.package_selection:Skipping not selected package 'imu_sensor_broadcaster' in 'imu_sensor_broadcaster'
[0.382s] INFO:colcon.colcon_core.package_selection:Skipping not selected package 'joint_state_broadcaster' in 'joint_state_broadcaster'
[0.382s] INFO:colcon.colcon_core.package_selection:Skipping not selected package 'joint_trajectory_controller' in 'joint_trajectory_controller'
[0.382s] INFO:colcon.colcon_core.package_selection:Skipping not selected package 'mecanum_drive_controller' in 'mecanum_drive_controller'
[0.382s] INFO:colcon.colcon_core.package_selection:Skipping not selected package 'parallel_gripper_controller' in 'parallel_gripper_controller'
[0.382s] INFO:colcon.colcon_core.package_selection:Skipping not selected package 'pid_controller' in 'pid_controller'
[0.382s] INFO:colcon.colcon_core.package_selection:Skipping not selected package 'pose_broadcaster' in 'pose_broadcaster'
[0.382s] INFO:colcon.colcon_core.package_selection:Skipping not selected package 'range_sensor_broadcaster' in 'range_sensor_broadcaster'
[0.382s] INFO:colcon.colcon_core.package_selection:Skipping not selected package 'ros2_controllers_test_nodes' in 'ros2_controllers_test_nodes'
[0.382s] INFO:colcon.colcon_core.package_selection:Skipping not selected package 'rqt_joint_trajectory_controller' in 'rqt_joint_trajectory_controller'
[0.382s] INFO:colcon.colcon_core.package_selection:Skipping not selected package 'steering_controllers_library' in 'steering_controllers_library'
[0.382s] INFO:colcon.colcon_core.package_selection:Skipping not selected package 'tricycle_controller' in 'tricycle_controller'
[0.382s] INFO:colcon.colcon_core.package_selection:Skipping not selected package 'ackermann_steering_controller' in 'ackermann_steering_controller'
[0.382s] INFO:colcon.colcon_core.package_selection:Skipping not selected package 'bicycle_steering_controller' in 'bicycle_steering_controller'
[0.382s] INFO:colcon.colcon_core.package_selection:Skipping not selected package 'effort_controllers' in 'effort_controllers'
[0.382s] INFO:colcon.colcon_core.package_selection:Skipping not selected package 'position_controllers' in 'position_controllers'
[0.382s] INFO:colcon.colcon_core.package_selection:Skipping not selected package 'tricycle_steering_controller' in 'tricycle_steering_controller'
[0.382s] INFO:colcon.colcon_core.package_selection:Skipping not selected package 'velocity_controllers' in 'velocity_controllers'
[0.382s] INFO:colcon.colcon_core.package_selection:Skipping not selected package 'ros2_controllers' in 'ros2_controllers'
[0.386s] Level 1:colcon.colcon_core.package_discovery:discover_packages(prefix_path) check parameters
[0.386s] Level 1:colcon.colcon_core.package_discovery:discover_packages(prefix_path) discover
[0.398s] DEBUG:colcon.colcon_installed_package_information.package_discovery:Found 286 installed packages in /opt/ros/rolling
[0.399s] Level 1:colcon.colcon_core.package_discovery:discover_packages(prefix_path) using defaults
[0.440s] Level 5:colcon.colcon_core.verb:set package 'chained_filter_controller' build argument 'cmake_args' from command line to 'None'
[0.440s] Level 5:colcon.colcon_core.verb:set package 'chained_filter_controller' build argument 'cmake_target' from command line to 'None'
[0.440s] Level 5:colcon.colcon_core.verb:set package 'chained_filter_controller' build argument 'cmake_target_skip_unavailable' from command line to 'False'
[0.440s] Level 5:colcon.colcon_core.verb:set package 'chained_filter_controller' build argument 'cmake_clean_cache' from command line to 'False'
[0.440s] Level 5:colcon.colcon_core.verb:set package 'chained_filter_controller' build argument 'cmake_clean_first' from command line to 'False'
[0.440s] Level 5:colcon.colcon_core.verb:set package 'chained_filter_controller' build argument 'cmake_force_configure' from command line to 'False'
[0.440s] Level 5:colcon.colcon_core.verb:set package 'chained_filter_controller' build argument 'ament_cmake_args' from command line to 'None'
[0.440s] Level 5:colcon.colcon_core.verb:set package 'chained_filter_controller' build argument 'catkin_cmake_args' from command line to 'None'
[0.440s] Level 5:colcon.colcon_core.verb:set package 'chained_filter_controller' build argument 'catkin_skip_building_tests' from command line to 'False'
[0.440s] DEBUG:colcon.colcon_core.verb:Building package 'chained_filter_controller' with the following arguments: {'ament_cmake_args': None, 'build_base': '/home/ankur-u24/ros2_controllers/build/chained_filter_controller', 'catkin_cmake_args': None, 'catkin_skip_building_tests': False, 'cmake_args': None, 'cmake_clean_cache': False, 'cmake_clean_first': False, 'cmake_force_configure': False, 'cmake_target': None, 'cmake_target_skip_unavailable': False, 'install_base': '/home/ankur-u24/ros2_controllers/install/chained_filter_controller', 'merge_install': False, 'path': '/home/ankur-u24/ros2_controllers/chained_filter_controller', 'symlink_install': False, 'test_result_base': None}
[0.441s] INFO:colcon.colcon_core.executor:Executing jobs using 'parallel' executor
[0.442s] DEBUG:colcon.colcon_parallel_executor.executor.parallel:run_until_complete
[0.442s] INFO:colcon.colcon_ros.task.ament_cmake.build:Building ROS package in '/home/ankur-u24/ros2_controllers/chained_filter_controller' with build type 'ament_cmake'
[0.442s] INFO:colcon.colcon_cmake.task.cmake.build:Building CMake package in '/home/ankur-u24/ros2_controllers/chained_filter_controller'
[0.452s] INFO:colcon.colcon_core.plugin_system:Skipping extension 'colcon_core.shell.bat': Not used on non-Windows systems
[0.452s] INFO:colcon.colcon_core.shell:Skip shell extension 'powershell' for command environment: Not usable outside of PowerShell
[0.452s] DEBUG:colcon.colcon_core.shell:Skip shell extension 'dsv' for command environment
[0.459s] DEBUG:colcon.colcon_core.event_handler.log_command:Invoking command in '/home/ankur-u24/ros2_controllers/build/chained_filter_controller': CMAKE_PREFIX_PATH=${CMAKE_PREFIX_PATH}:/opt/ros/rolling DEBUGINFOD_URLS=https://debuginfod.ubuntu.com /usr/bin/cmake /home/ankur-u24/ros2_controllers/chained_filter_controller -DCMAKE_INSTALL_PREFIX=/home/ankur-u24/ros2_controllers/install/chained_filter_controller
[1.342s] DEBUG:colcon.colcon_core.event_handler.log_command:Invoked command in '/home/ankur-u24/ros2_controllers/build/chained_filter_controller' returned '1': CMAKE_PREFIX_PATH=${CMAKE_PREFIX_PATH}:/opt/ros/rolling DEBUGINFOD_URLS=https://debuginfod.ubuntu.com /usr/bin/cmake /home/ankur-u24/ros2_controllers/chained_filter_controller -DCMAKE_INSTALL_PREFIX=/home/ankur-u24/ros2_controllers/install/chained_filter_controller
[1.357s] Level 1:colcon.colcon_core.environment:create_environment_scripts_only(chained_filter_controller)
[1.364s] Level 1:colcon.colcon_core.environment:checking '/home/ankur-u24/ros2_controllers/install/chained_filter_controller' for CMake module files
[1.364s] Level 1:colcon.colcon_core.environment:checking '/home/ankur-u24/ros2_controllers/install/chained_filter_controller' for CMake config files
[1.365s] Level 1:colcon.colcon_core.environment:checking '/home/ankur-u24/ros2_controllers/install/chained_filter_controller/bin'
[1.365s] Level 1:colcon.colcon_core.environment:checking '/home/ankur-u24/ros2_controllers/install/chained_filter_controller/lib/pkgconfig/chained_filter_controller.pc'
[1.365s] Level 1:colcon.colcon_core.environment:checking '/home/ankur-u24/ros2_controllers/install/chained_filter_controller/lib/python3.12/site-packages'
[1.365s] Level 1:colcon.colcon_core.environment:checking '/home/ankur-u24/ros2_controllers/install/chained_filter_controller/bin'
[1.365s] INFO:colcon.colcon_core.shell:Creating package script '/home/ankur-u24/ros2_controllers/install/chained_filter_controller/share/chained_filter_controller/package.ps1'
[1.366s] INFO:colcon.colcon_core.shell:Creating package descriptor '/home/ankur-u24/ros2_controllers/install/chained_filter_controller/share/chained_filter_controller/package.dsv'
[1.367s] INFO:colcon.colcon_core.shell:Creating package script '/home/ankur-u24/ros2_controllers/install/chained_filter_controller/share/chained_filter_controller/package.sh'
[1.368s] INFO:colcon.colcon_core.shell:Creating package script '/home/ankur-u24/ros2_controllers/install/chained_filter_controller/share/chained_filter_controller/package.bash'
[1.369s] INFO:colcon.colcon_core.shell:Creating package script '/home/ankur-u24/ros2_controllers/install/chained_filter_controller/share/chained_filter_controller/package.zsh'
[1.370s] Level 1:colcon.colcon_core.environment:create_file_with_runtime_dependencies(/home/ankur-u24/ros2_controllers/install/chained_filter_controller/share/colcon-core/packages/chained_filter_controller)
[1.380s] DEBUG:colcon.colcon_parallel_executor.executor.parallel:closing loop
[1.380s] DEBUG:colcon.colcon_parallel_executor.executor.parallel:loop closed
[1.380s] DEBUG:colcon.colcon_parallel_executor.executor.parallel:run_until_complete finished with '1'
[1.382s] DEBUG:colcon.colcon_core.event_reactor:joining thread
[1.394s] INFO:colcon.colcon_core.plugin_system:Skipping extension 'colcon_notification.desktop_notification.terminal_notifier': Not used on non-Darwin systems
[1.394s] INFO:colcon.colcon_core.plugin_system:Skipping extension 'colcon_notification.desktop_notification.win32': Not used on non-Windows systems
[1.394s] INFO:colcon.colcon_notification.desktop_notification:Sending desktop notification using 'notify2'
[1.413s] DEBUG:colcon.colcon_core.event_reactor:joined thread
[1.414s] INFO:colcon.colcon_core.shell:Creating prefix script '/home/ankur-u24/ros2_controllers/install/local_setup.ps1'
[1.416s] INFO:colcon.colcon_core.shell:Creating prefix util module '/home/ankur-u24/ros2_controllers/install/_local_setup_util_ps1.py'
[1.418s] INFO:colcon.colcon_core.shell:Creating prefix chain script '/home/ankur-u24/ros2_controllers/install/setup.ps1'
[1.419s] INFO:colcon.colcon_core.shell:Creating prefix script '/home/ankur-u24/ros2_controllers/install/local_setup.sh'
[1.420s] INFO:colcon.colcon_core.shell:Creating prefix util module '/home/ankur-u24/ros2_controllers/install/_local_setup_util_sh.py'
[1.420s] INFO:colcon.colcon_core.shell:Creating prefix chain script '/home/ankur-u24/ros2_controllers/install/setup.sh'
[1.422s] INFO:colcon.colcon_core.shell:Creating prefix script '/home/ankur-u24/ros2_controllers/install/local_setup.bash'
[1.424s] INFO:colcon.colcon_core.shell:Creating prefix chain script '/home/ankur-u24/ros2_controllers/install/setup.bash'
[1.425s] INFO:colcon.colcon_core.shell:Creating prefix script '/home/ankur-u24/ros2_controllers/install/local_setup.zsh'
[1.426s] INFO:colcon.colcon_core.shell:Creating prefix chain script '/home/ankur-u24/ros2_controllers/install/setup.zsh'
